<?xml version="1.0" encoding="UTF-8"?>
<coverage generated="1633679460998" clover="3.2.0">
  <project timestamp="1633679460998" name="All files">
    <metrics statements="121" coveredstatements="121" conditionals="64" coveredconditionals="64" methods="22" coveredmethods="22" elements="207" coveredelements="207" complexity="0" loc="121" ncloc="121" packages="1" files="4" classes="4"/>
    <file name="implementation.js" path="/Users/ivanivanov/develop/radency/src/implementation.js">
      <metrics statements="58" coveredstatements="58" conditionals="32" coveredconditionals="32" methods="11" coveredmethods="11"/>
      <line num="1" count="95" type="stmt"/>
      <line num="3" count="1" type="stmt"/>
      <line num="4" count="14" type="cond" truecount="4" falsecount="0"/>
      <line num="5" count="2" type="stmt"/>
      <line num="8" count="12" type="stmt"/>
      <line num="11" count="1" type="stmt"/>
      <line num="12" count="12" type="cond" truecount="4" falsecount="0"/>
      <line num="13" count="2" type="stmt"/>
      <line num="16" count="10" type="stmt"/>
      <line num="19" count="1" type="stmt"/>
      <line num="20" count="10" type="cond" truecount="2" falsecount="0"/>
      <line num="21" count="1" type="stmt"/>
      <line num="24" count="26" type="cond" truecount="4" falsecount="0"/>
      <line num="25" count="2" type="stmt"/>
      <line num="30" count="7" type="cond" truecount="2" falsecount="0"/>
      <line num="31" count="1" type="stmt"/>
      <line num="34" count="6" type="stmt"/>
      <line num="37" count="1" type="stmt"/>
      <line num="38" count="3" type="stmt"/>
      <line num="39" count="3" type="stmt"/>
      <line num="40" count="3" type="stmt"/>
      <line num="41" count="30" type="stmt"/>
      <line num="42" count="30" type="cond" truecount="4" falsecount="0"/>
      <line num="43" count="3" type="stmt"/>
      <line num="47" count="3" type="cond" truecount="2" falsecount="0"/>
      <line num="50" count="1" type="stmt"/>
      <line num="51" count="4" type="stmt"/>
      <line num="52" count="4" type="stmt"/>
      <line num="53" count="12" type="stmt"/>
      <line num="58" count="4" type="stmt"/>
      <line num="59" count="31" type="stmt"/>
      <line num="60" count="93" type="stmt"/>
      <line num="63" count="31" type="cond" truecount="2" falsecount="0"/>
      <line num="64" count="1" type="stmt"/>
      <line num="67" count="30" type="stmt"/>
      <line num="69" count="30" type="stmt"/>
      <line num="70" count="30" type="stmt"/>
      <line num="71" count="60" type="cond" truecount="2" falsecount="0"/>
      <line num="72" count="30" type="stmt"/>
      <line num="74" count="30" type="stmt"/>
      <line num="77" count="30" type="cond" truecount="2" falsecount="0"/>
      <line num="78" count="3" type="stmt"/>
      <line num="80" count="27" type="stmt"/>
      <line num="83" count="3" type="stmt"/>
      <line num="86" count="1" type="stmt"/>
      <line num="87" count="14" type="stmt"/>
      <line num="89" count="14" type="stmt"/>
      <line num="90" count="12" type="stmt"/>
      <line num="91" count="10" type="stmt"/>
      <line num="93" count="6" type="cond" truecount="2" falsecount="0"/>
      <line num="94" count="1" type="stmt"/>
      <line num="96" count="5" type="cond" truecount="2" falsecount="0"/>
      <line num="97" count="1" type="stmt"/>
      <line num="100" count="4" type="stmt"/>
      <line num="102" count="8" type="stmt"/>
      <line num="103" count="8" type="stmt"/>
      <line num="105" count="8" type="stmt"/>
      <line num="109" count="1" type="stmt"/>
    </file>
    <file name="index.ts" path="/Users/ivanivanov/develop/radency/src/index.ts">
      <metrics statements="43" coveredstatements="43" conditionals="16" coveredconditionals="16" methods="5" coveredmethods="5"/>
      <line num="1" count="1" type="stmt"/>
      <line num="6" count="1" type="stmt"/>
      <line num="8" count="1" type="stmt"/>
      <line num="9" count="3" type="stmt"/>
      <line num="10" count="3" type="stmt"/>
      <line num="11" count="3" type="stmt"/>
      <line num="12" count="30" type="stmt"/>
      <line num="13" count="30" type="cond" truecount="4" falsecount="0"/>
      <line num="14" count="3" type="stmt"/>
      <line num="18" count="3" type="cond" truecount="2" falsecount="0"/>
      <line num="21" count="1" type="stmt"/>
      <line num="26" count="4" type="stmt"/>
      <line num="27" count="4" type="stmt"/>
      <line num="28" count="12" type="stmt"/>
      <line num="33" count="4" type="stmt"/>
      <line num="34" count="31" type="stmt"/>
      <line num="35" count="93" type="stmt"/>
      <line num="38" count="31" type="cond" truecount="2" falsecount="0"/>
      <line num="39" count="1" type="stmt"/>
      <line num="42" count="30" type="stmt"/>
      <line num="44" count="30" type="stmt"/>
      <line num="45" count="30" type="stmt"/>
      <line num="46" count="60" type="cond" truecount="2" falsecount="0"/>
      <line num="47" count="30" type="stmt"/>
      <line num="49" count="30" type="stmt"/>
      <line num="52" count="30" type="cond" truecount="2" falsecount="0"/>
      <line num="53" count="3" type="stmt"/>
      <line num="55" count="27" type="stmt"/>
      <line num="58" count="3" type="stmt"/>
      <line num="61" count="1" type="stmt"/>
      <line num="62" count="14" type="stmt"/>
      <line num="64" count="14" type="stmt"/>
      <line num="65" count="12" type="stmt"/>
      <line num="66" count="10" type="stmt"/>
      <line num="68" count="6" type="cond" truecount="2" falsecount="0"/>
      <line num="69" count="1" type="stmt"/>
      <line num="71" count="5" type="cond" truecount="2" falsecount="0"/>
      <line num="72" count="1" type="stmt"/>
      <line num="75" count="4" type="stmt"/>
      <line num="77" count="8" type="stmt"/>
      <line num="78" count="8" type="stmt"/>
      <line num="80" count="8" type="stmt"/>
      <line num="84" count="1" type="stmt"/>
    </file>
    <file name="utils.ts" path="/Users/ivanivanov/develop/radency/src/utils.ts">
      <metrics statements="3" coveredstatements="3" conditionals="0" coveredconditionals="0" methods="2" coveredmethods="2"/>
      <line num="1" count="1" type="stmt"/>
      <line num="2" count="95" type="stmt"/>
      <line num="4" count="1" type="stmt"/>
    </file>
    <file name="validate.ts" path="/Users/ivanivanov/develop/radency/src/validate.ts">
      <metrics statements="17" coveredstatements="17" conditionals="16" coveredconditionals="16" methods="4" coveredmethods="4"/>
      <line num="1" count="1" type="stmt"/>
      <line num="2" count="14" type="cond" truecount="4" falsecount="0"/>
      <line num="3" count="2" type="stmt"/>
      <line num="6" count="12" type="stmt"/>
      <line num="9" count="1" type="stmt"/>
      <line num="10" count="12" type="cond" truecount="4" falsecount="0"/>
      <line num="11" count="2" type="stmt"/>
      <line num="14" count="10" type="stmt"/>
      <line num="17" count="1" type="stmt"/>
      <line num="18" count="10" type="cond" truecount="2" falsecount="0"/>
      <line num="19" count="1" type="stmt"/>
      <line num="22" count="26" type="cond" truecount="4" falsecount="0"/>
      <line num="23" count="2" type="stmt"/>
      <line num="28" count="7" type="cond" truecount="2" falsecount="0"/>
      <line num="29" count="1" type="stmt"/>
      <line num="32" count="6" type="stmt"/>
      <line num="35" count="1" type="stmt"/>
    </file>
  </project>
</coverage>
