<?xml version="1.0" encoding="UTF-8"?>
<coverage generated="1633762689111" clover="3.2.0">
  <project timestamp="1633762689111" name="All files">
    <metrics statements="121" coveredstatements="121" conditionals="66" coveredconditionals="66" methods="22" coveredmethods="22" elements="209" coveredelements="209" complexity="0" loc="121" ncloc="121" packages="1" files="4" classes="4"/>
    <file name="implementation.js" path="/Users/ivanivanov/develop/radency/src/implementation.js">
      <metrics statements="57" coveredstatements="57" conditionals="32" coveredconditionals="32" methods="11" coveredmethods="11"/>
      <line num="1" count="305" type="stmt"/>
      <line num="3" count="1" type="stmt"/>
      <line num="4" count="16" type="cond" truecount="4" falsecount="0"/>
      <line num="5" count="2" type="stmt"/>
      <line num="8" count="14" type="stmt"/>
      <line num="11" count="1" type="stmt"/>
      <line num="12" count="14" type="cond" truecount="4" falsecount="0"/>
      <line num="13" count="2" type="stmt"/>
      <line num="16" count="12" type="stmt"/>
      <line num="19" count="1" type="stmt"/>
      <line num="20" count="12" type="cond" truecount="2" falsecount="0"/>
      <line num="21" count="1" type="stmt"/>
      <line num="24" count="40" type="cond" truecount="4" falsecount="0"/>
      <line num="25" count="2" type="stmt"/>
      <line num="30" count="9" type="cond" truecount="2" falsecount="0"/>
      <line num="31" count="1" type="stmt"/>
      <line num="34" count="8" type="stmt"/>
      <line num="37" count="1" type="stmt"/>
      <line num="38" count="5" type="stmt"/>
      <line num="39" count="5" type="stmt"/>
      <line num="40" count="100" type="stmt"/>
      <line num="41" count="100" type="cond" truecount="6" falsecount="0"/>
      <line num="42" count="42" type="stmt"/>
      <line num="46" count="5" type="stmt"/>
      <line num="49" count="1" type="stmt"/>
      <line num="50" count="6" type="stmt"/>
      <line num="51" count="6" type="stmt"/>
      <line num="52" count="18" type="stmt"/>
      <line num="57" count="6" type="stmt"/>
      <line num="58" count="101" type="stmt"/>
      <line num="59" count="303" type="stmt"/>
      <line num="62" count="101" type="cond" truecount="2" falsecount="0"/>
      <line num="63" count="1" type="stmt"/>
      <line num="66" count="100" type="stmt"/>
      <line num="68" count="100" type="stmt"/>
      <line num="69" count="100" type="stmt"/>
      <line num="70" count="172" type="cond" truecount="2" falsecount="0"/>
      <line num="71" count="100" type="stmt"/>
      <line num="73" count="72" type="stmt"/>
      <line num="76" count="100" type="cond" truecount="2" falsecount="0"/>
      <line num="77" count="5" type="stmt"/>
      <line num="79" count="95" type="stmt"/>
      <line num="82" count="5" type="stmt"/>
      <line num="85" count="1" type="stmt"/>
      <line num="86" count="16" type="stmt"/>
      <line num="88" count="16" type="stmt"/>
      <line num="89" count="14" type="stmt"/>
      <line num="90" count="12" type="stmt"/>
      <line num="92" count="8" type="cond" truecount="2" falsecount="0"/>
      <line num="93" count="1" type="stmt"/>
      <line num="95" count="7" type="cond" truecount="2" falsecount="0"/>
      <line num="96" count="1" type="stmt"/>
      <line num="99" count="6" type="stmt"/>
      <line num="101" count="8" type="stmt"/>
      <line num="102" count="8" type="stmt"/>
      <line num="104" count="8" type="stmt"/>
      <line num="108" count="1" type="stmt"/>
    </file>
    <file name="index.ts" path="/Users/ivanivanov/develop/radency/src/index.ts">
      <metrics statements="44" coveredstatements="44" conditionals="18" coveredconditionals="18" methods="5" coveredmethods="5"/>
      <line num="1" count="1" type="stmt"/>
      <line num="6" count="1" type="stmt"/>
      <line num="8" count="1" type="stmt"/>
      <line num="9" count="6" type="stmt"/>
      <line num="11" count="6" type="stmt"/>
      <line num="12" count="6" type="stmt"/>
      <line num="13" count="135" type="stmt"/>
      <line num="14" count="135" type="cond" truecount="8" falsecount="0"/>
      <line num="15" count="77" type="stmt"/>
      <line num="19" count="6" type="stmt"/>
      <line num="22" count="1" type="stmt"/>
      <line num="27" count="7" type="stmt"/>
      <line num="28" count="7" type="stmt"/>
      <line num="29" count="21" type="stmt"/>
      <line num="34" count="7" type="stmt"/>
      <line num="35" count="136" type="stmt"/>
      <line num="36" count="408" type="stmt"/>
      <line num="39" count="136" type="cond" truecount="2" falsecount="0"/>
      <line num="40" count="1" type="stmt"/>
      <line num="43" count="135" type="stmt"/>
      <line num="45" count="135" type="stmt"/>
      <line num="46" count="135" type="stmt"/>
      <line num="47" count="228" type="cond" truecount="2" falsecount="0"/>
      <line num="48" count="135" type="stmt"/>
      <line num="50" count="93" type="stmt"/>
      <line num="53" count="135" type="cond" truecount="2" falsecount="0"/>
      <line num="54" count="6" type="stmt"/>
      <line num="56" count="129" type="stmt"/>
      <line num="59" count="6" type="stmt"/>
      <line num="62" count="1" type="stmt"/>
      <line num="63" count="17" type="stmt"/>
      <line num="65" count="17" type="stmt"/>
      <line num="66" count="15" type="stmt"/>
      <line num="67" count="13" type="stmt"/>
      <line num="69" count="9" type="cond" truecount="2" falsecount="0"/>
      <line num="70" count="1" type="stmt"/>
      <line num="72" count="8" type="cond" truecount="2" falsecount="0"/>
      <line num="73" count="1" type="stmt"/>
      <line num="76" count="7" type="stmt"/>
      <line num="78" count="8" type="stmt"/>
      <line num="79" count="8" type="stmt"/>
      <line num="81" count="8" type="stmt"/>
      <line num="85" count="1" type="stmt"/>
      <line num="87" count="1" type="stmt"/>
    </file>
    <file name="utils.ts" path="/Users/ivanivanov/develop/radency/src/utils.ts">
      <metrics statements="3" coveredstatements="3" conditionals="0" coveredconditionals="0" methods="2" coveredmethods="2"/>
      <line num="1" count="1" type="stmt"/>
      <line num="2" count="410" type="stmt"/>
      <line num="4" count="1" type="stmt"/>
    </file>
    <file name="validate.ts" path="/Users/ivanivanov/develop/radency/src/validate.ts">
      <metrics statements="17" coveredstatements="17" conditionals="16" coveredconditionals="16" methods="4" coveredmethods="4"/>
      <line num="1" count="1" type="stmt"/>
      <line num="2" count="17" type="cond" truecount="4" falsecount="0"/>
      <line num="3" count="2" type="stmt"/>
      <line num="6" count="15" type="stmt"/>
      <line num="9" count="1" type="stmt"/>
      <line num="10" count="15" type="cond" truecount="4" falsecount="0"/>
      <line num="11" count="2" type="stmt"/>
      <line num="14" count="13" type="stmt"/>
      <line num="17" count="1" type="stmt"/>
      <line num="18" count="13" type="cond" truecount="2" falsecount="0"/>
      <line num="19" count="1" type="stmt"/>
      <line num="22" count="47" type="cond" truecount="4" falsecount="0"/>
      <line num="23" count="2" type="stmt"/>
      <line num="28" count="10" type="cond" truecount="2" falsecount="0"/>
      <line num="29" count="1" type="stmt"/>
      <line num="32" count="9" type="stmt"/>
      <line num="35" count="1" type="stmt"/>
    </file>
  </project>
</coverage>
