{"/Users/ivanivanov/develop/radency/src/implementation.js": {"path":"/Users/ivanivanov/develop/radency/src/implementation.js","statementMap":{"0":{"start":{"line":1,"column":17},"end":{"line":1,"column":70}},"1":{"start":{"line":1,"column":26},"end":{"line":1,"column":70}},"2":{"start":{"line":1,"column":55},"end":{"line":1,"column":66}},"3":{"start":{"line":3,"column":27},"end":{"line":9,"column":1}},"4":{"start":{"line":4,"column":2},"end":{"line":6,"column":3}},"5":{"start":{"line":5,"column":4},"end":{"line":5,"column":67}},"6":{"start":{"line":8,"column":2},"end":{"line":8,"column":15}},"7":{"start":{"line":11,"column":27},"end":{"line":17,"column":1}},"8":{"start":{"line":12,"column":2},"end":{"line":14,"column":3}},"9":{"start":{"line":13,"column":4},"end":{"line":13,"column":70}},"10":{"start":{"line":16,"column":2},"end":{"line":16,"column":16}},"11":{"start":{"line":19,"column":26},"end":{"line":35,"column":1}},"12":{"start":{"line":20,"column":2},"end":{"line":22,"column":3}},"13":{"start":{"line":21,"column":4},"end":{"line":21,"column":59}},"14":{"start":{"line":24,"column":2},"end":{"line":28,"column":3}},"15":{"start":{"line":24,"column":24},"end":{"line":24,"column":60}},"16":{"start":{"line":25,"column":4},"end":{"line":27,"column":6}},"17":{"start":{"line":30,"column":2},"end":{"line":32,"column":3}},"18":{"start":{"line":31,"column":4},"end":{"line":31,"column":76}},"19":{"start":{"line":34,"column":2},"end":{"line":34,"column":19}},"20":{"start":{"line":37,"column":31},"end":{"line":47,"column":1}},"21":{"start":{"line":38,"column":12},"end":{"line":38,"column":16}},"22":{"start":{"line":39,"column":2},"end":{"line":44,"column":3}},"23":{"start":{"line":39,"column":19},"end":{"line":39,"column":20}},"24":{"start":{"line":40,"column":20},"end":{"line":40,"column":32}},"25":{"start":{"line":41,"column":4},"end":{"line":43,"column":5}},"26":{"start":{"line":42,"column":6},"end":{"line":42,"column":20}},"27":{"start":{"line":46,"column":2},"end":{"line":46,"column":13}},"28":{"start":{"line":49,"column":33},"end":{"line":83,"column":1}},"29":{"start":{"line":50,"column":30},"end":{"line":50,"column":32}},"30":{"start":{"line":51,"column":20},"end":{"line":55,"column":3}},"31":{"start":{"line":52,"column":53},"end":{"line":52,"column":58}},"32":{"start":{"line":57,"column":2},"end":{"line":80,"column":3}},"33":{"start":{"line":58,"column":27},"end":{"line":60,"column":5}},"34":{"start":{"line":59,"column":44},"end":{"line":59,"column":54}},"35":{"start":{"line":62,"column":4},"end":{"line":64,"column":5}},"36":{"start":{"line":63,"column":6},"end":{"line":63,"column":28}},"37":{"start":{"line":66,"column":4},"end":{"line":66,"column":45}},"38":{"start":{"line":68,"column":16},"end":{"line":68,"column":17}},"39":{"start":{"line":69,"column":4},"end":{"line":74,"column":5}},"40":{"start":{"line":70,"column":6},"end":{"line":72,"column":7}},"41":{"start":{"line":71,"column":8},"end":{"line":71,"column":14}},"42":{"start":{"line":73,"column":6},"end":{"line":73,"column":31}},"43":{"start":{"line":76,"column":4},"end":{"line":78,"column":5}},"44":{"start":{"line":77,"column":6},"end":{"line":77,"column":12}},"45":{"start":{"line":79,"column":4},"end":{"line":79,"column":26}},"46":{"start":{"line":82,"column":2},"end":{"line":82,"column":60}},"47":{"start":{"line":85,"column":23},"end":{"line":106,"column":1}},"48":{"start":{"line":86,"column":2},"end":{"line":105,"column":3}},"49":{"start":{"line":88,"column":26},"end":{"line":88,"column":47}},"50":{"start":{"line":89,"column":26},"end":{"line":89,"column":47}},"51":{"start":{"line":90,"column":25},"end":{"line":90,"column":46}},"52":{"start":{"line":92,"column":4},"end":{"line":94,"column":5}},"53":{"start":{"line":93,"column":6},"end":{"line":93,"column":18}},"54":{"start":{"line":95,"column":4},"end":{"line":97,"column":5}},"55":{"start":{"line":96,"column":6},"end":{"line":96,"column":36}},"56":{"start":{"line":99,"column":4},"end":{"line":99,"column":80}},"57":{"start":{"line":101,"column":24},"end":{"line":101,"column":29}},"58":{"start":{"line":102,"column":4},"end":{"line":102,"column":25}},"59":{"start":{"line":104,"column":4},"end":{"line":104,"column":16}},"60":{"start":{"line":108,"column":0},"end":{"line":108,"column":32}}},"fnMap":{"0":{"name":"(anonymous_0)","decl":{"start":{"line":1,"column":17},"end":{"line":1,"column":18}},"loc":{"start":{"line":1,"column":26},"end":{"line":1,"column":70}},"line":1},"1":{"name":"(anonymous_1)","decl":{"start":{"line":1,"column":39},"end":{"line":1,"column":40}},"loc":{"start":{"line":1,"column":55},"end":{"line":1,"column":66}},"line":1},"2":{"name":"(anonymous_2)","decl":{"start":{"line":3,"column":27},"end":{"line":3,"column":28}},"loc":{"start":{"line":3,"column":36},"end":{"line":9,"column":1}},"line":3},"3":{"name":"(anonymous_3)","decl":{"start":{"line":11,"column":27},"end":{"line":11,"column":28}},"loc":{"start":{"line":11,"column":37},"end":{"line":17,"column":1}},"line":11},"4":{"name":"(anonymous_4)","decl":{"start":{"line":19,"column":26},"end":{"line":19,"column":27}},"loc":{"start":{"line":19,"column":34},"end":{"line":35,"column":1}},"line":19},"5":{"name":"(anonymous_5)","decl":{"start":{"line":24,"column":16},"end":{"line":24,"column":17}},"loc":{"start":{"line":24,"column":24},"end":{"line":24,"column":60}},"line":24},"6":{"name":"(anonymous_6)","decl":{"start":{"line":37,"column":31},"end":{"line":37,"column":32}},"loc":{"start":{"line":37,"column":48},"end":{"line":47,"column":1}},"line":37},"7":{"name":"(anonymous_7)","decl":{"start":{"line":49,"column":33},"end":{"line":49,"column":34}},"loc":{"start":{"line":49,"column":57},"end":{"line":83,"column":1}},"line":49},"8":{"name":"(anonymous_8)","decl":{"start":{"line":52,"column":39},"end":{"line":52,"column":40}},"loc":{"start":{"line":52,"column":53},"end":{"line":52,"column":58}},"line":52},"9":{"name":"(anonymous_9)","decl":{"start":{"line":59,"column":36},"end":{"line":59,"column":37}},"loc":{"start":{"line":59,"column":44},"end":{"line":59,"column":54}},"line":59},"10":{"name":"(anonymous_10)","decl":{"start":{"line":85,"column":23},"end":{"line":85,"column":24}},"loc":{"start":{"line":85,"column":37},"end":{"line":106,"column":1}},"line":85}},"branchMap":{"0":{"loc":{"start":{"line":4,"column":2},"end":{"line":6,"column":3}},"type":"if","locations":[{"start":{"line":4,"column":2},"end":{"line":6,"column":3}},{"start":{"line":4,"column":2},"end":{"line":6,"column":3}}],"line":4},"1":{"loc":{"start":{"line":4,"column":6},"end":{"line":4,"column":44}},"type":"binary-expr","locations":[{"start":{"line":4,"column":6},"end":{"line":4,"column":31}},{"start":{"line":4,"column":35},"end":{"line":4,"column":44}}],"line":4},"2":{"loc":{"start":{"line":12,"column":2},"end":{"line":14,"column":3}},"type":"if","locations":[{"start":{"line":12,"column":2},"end":{"line":14,"column":3}},{"start":{"line":12,"column":2},"end":{"line":14,"column":3}}],"line":12},"3":{"loc":{"start":{"line":12,"column":6},"end":{"line":12,"column":46}},"type":"binary-expr","locations":[{"start":{"line":12,"column":6},"end":{"line":12,"column":32}},{"start":{"line":12,"column":36},"end":{"line":12,"column":46}}],"line":12},"4":{"loc":{"start":{"line":20,"column":2},"end":{"line":22,"column":3}},"type":"if","locations":[{"start":{"line":20,"column":2},"end":{"line":22,"column":3}},{"start":{"line":20,"column":2},"end":{"line":22,"column":3}}],"line":20},"5":{"loc":{"start":{"line":24,"column":2},"end":{"line":28,"column":3}},"type":"if","locations":[{"start":{"line":24,"column":2},"end":{"line":28,"column":3}},{"start":{"line":24,"column":2},"end":{"line":28,"column":3}}],"line":24},"6":{"loc":{"start":{"line":24,"column":24},"end":{"line":24,"column":60}},"type":"binary-expr","locations":[{"start":{"line":24,"column":24},"end":{"line":24,"column":48}},{"start":{"line":24,"column":52},"end":{"line":24,"column":60}}],"line":24},"7":{"loc":{"start":{"line":30,"column":2},"end":{"line":32,"column":3}},"type":"if","locations":[{"start":{"line":30,"column":2},"end":{"line":32,"column":3}},{"start":{"line":30,"column":2},"end":{"line":32,"column":3}}],"line":30},"8":{"loc":{"start":{"line":41,"column":4},"end":{"line":43,"column":5}},"type":"if","locations":[{"start":{"line":41,"column":4},"end":{"line":43,"column":5}},{"start":{"line":41,"column":4},"end":{"line":43,"column":5}}],"line":41},"9":{"loc":{"start":{"line":41,"column":8},"end":{"line":41,"column":48}},"type":"binary-expr","locations":[{"start":{"line":41,"column":8},"end":{"line":41,"column":29}},{"start":{"line":41,"column":33},"end":{"line":41,"column":48}}],"line":41},"10":{"loc":{"start":{"line":41,"column":20},"end":{"line":41,"column":28}},"type":"binary-expr","locations":[{"start":{"line":41,"column":20},"end":{"line":41,"column":23}},{"start":{"line":41,"column":27},"end":{"line":41,"column":28}}],"line":41},"11":{"loc":{"start":{"line":62,"column":4},"end":{"line":64,"column":5}},"type":"if","locations":[{"start":{"line":62,"column":4},"end":{"line":64,"column":5}},{"start":{"line":62,"column":4},"end":{"line":64,"column":5}}],"line":62},"12":{"loc":{"start":{"line":70,"column":6},"end":{"line":72,"column":7}},"type":"if","locations":[{"start":{"line":70,"column":6},"end":{"line":72,"column":7}},{"start":{"line":70,"column":6},"end":{"line":72,"column":7}}],"line":70},"13":{"loc":{"start":{"line":76,"column":4},"end":{"line":78,"column":5}},"type":"if","locations":[{"start":{"line":76,"column":4},"end":{"line":78,"column":5}},{"start":{"line":76,"column":4},"end":{"line":78,"column":5}}],"line":76},"14":{"loc":{"start":{"line":92,"column":4},"end":{"line":94,"column":5}},"type":"if","locations":[{"start":{"line":92,"column":4},"end":{"line":94,"column":5}},{"start":{"line":92,"column":4},"end":{"line":94,"column":5}}],"line":92},"15":{"loc":{"start":{"line":95,"column":4},"end":{"line":97,"column":5}},"type":"if","locations":[{"start":{"line":95,"column":4},"end":{"line":97,"column":5}},{"start":{"line":95,"column":4},"end":{"line":97,"column":5}}],"line":95}},"s":{"0":1,"1":102,"2":305,"3":1,"4":16,"5":2,"6":14,"7":1,"8":14,"9":2,"10":12,"11":1,"12":12,"13":1,"14":11,"15":40,"16":2,"17":9,"18":1,"19":8,"20":1,"21":5,"22":5,"23":5,"24":100,"25":100,"26":42,"27":5,"28":1,"29":6,"30":6,"31":18,"32":6,"33":101,"34":303,"35":101,"36":1,"37":100,"38":100,"39":100,"40":172,"41":100,"42":72,"43":100,"44":5,"45":95,"46":5,"47":1,"48":16,"49":16,"50":14,"51":12,"52":8,"53":1,"54":7,"55":1,"56":6,"57":8,"58":8,"59":8,"60":1},"f":{"0":102,"1":305,"2":16,"3":14,"4":12,"5":40,"6":5,"7":6,"8":18,"9":303,"10":16},"b":{"0":[2,14],"1":[16,15],"2":[2,12],"3":[14,13],"4":[1,11],"5":[2,9],"6":[40,39],"7":[1,8],"8":[42,58],"9":[100,96],"10":[100,29],"11":[1,100],"12":[100,72],"13":[5,95],"14":[1,7],"15":[1,6]},"_coverageSchema":"1a1c01bbd47fc00a2c39e90264f33305004495a9","hash":"88b1afc4994255be2de58ead4733068f3758e295"}
,"/Users/ivanivanov/develop/radency/src/index.ts": {"path":"/Users/ivanivanov/develop/radency/src/index.ts","statementMap":{"0":{"start":{"line":1,"column":0},"end":{"line":1,"column":null}},"1":{"start":{"line":6,"column":0},"end":{"line":6,"column":35}},"2":{"start":{"line":8,"column":31},"end":{"line":20,"column":1}},"3":{"start":{"line":9,"column":2},"end":{"line":9,"column":21}},"4":{"start":{"line":11,"column":27},"end":{"line":11,"column":31}},"5":{"start":{"line":12,"column":2},"end":{"line":17,"column":null}},"6":{"start":{"line":12,"column":19},"end":{"line":12,"column":20}},"7":{"start":{"line":13,"column":20},"end":{"line":13,"column":32}},"8":{"start":{"line":14,"column":4},"end":{"line":16,"column":null}},"9":{"start":{"line":15,"column":6},"end":{"line":15,"column":20}},"10":{"start":{"line":19,"column":2},"end":{"line":19,"column":13}},"11":{"start":{"line":22,"column":33},"end":{"line":60,"column":1}},"12":{"start":{"line":27,"column":45},"end":{"line":27,"column":47}},"13":{"start":{"line":28,"column":17},"end":{"line":32,"column":4}},"14":{"start":{"line":29,"column":53},"end":{"line":29,"column":59}},"15":{"start":{"line":34,"column":2},"end":{"line":57,"column":null}},"16":{"start":{"line":35,"column":27},"end":{"line":36,"column":null}},"17":{"start":{"line":36,"column":44},"end":{"line":36,"column":55}},"18":{"start":{"line":39,"column":4},"end":{"line":41,"column":null}},"19":{"start":{"line":40,"column":6},"end":{"line":40,"column":28}},"20":{"start":{"line":43,"column":4},"end":{"line":43,"column":45}},"21":{"start":{"line":45,"column":16},"end":{"line":45,"column":17}},"22":{"start":{"line":46,"column":4},"end":{"line":51,"column":null}},"23":{"start":{"line":47,"column":6},"end":{"line":49,"column":null}},"24":{"start":{"line":48,"column":8},"end":{"line":48,"column":14}},"25":{"start":{"line":50,"column":6},"end":{"line":50,"column":31}},"26":{"start":{"line":53,"column":4},"end":{"line":55,"column":null}},"27":{"start":{"line":54,"column":6},"end":{"line":54,"column":12}},"28":{"start":{"line":56,"column":4},"end":{"line":56,"column":26}},"29":{"start":{"line":59,"column":2},"end":{"line":59,"column":60}},"30":{"start":{"line":62,"column":30},"end":{"line":83,"column":1}},"31":{"start":{"line":63,"column":2},"end":{"line":82,"column":null}},"32":{"start":{"line":65,"column":26},"end":{"line":65,"column":47}},"33":{"start":{"line":66,"column":26},"end":{"line":66,"column":47}},"34":{"start":{"line":67,"column":25},"end":{"line":67,"column":46}},"35":{"start":{"line":69,"column":4},"end":{"line":71,"column":null}},"36":{"start":{"line":70,"column":6},"end":{"line":70,"column":18}},"37":{"start":{"line":72,"column":4},"end":{"line":74,"column":null}},"38":{"start":{"line":73,"column":6},"end":{"line":73,"column":36}},"39":{"start":{"line":76,"column":4},"end":{"line":76,"column":80}},"40":{"start":{"line":78,"column":24},"end":{"line":78,"column":39}},"41":{"start":{"line":79,"column":4},"end":{"line":79,"column":25}},"42":{"start":{"line":81,"column":4},"end":{"line":81,"column":16}},"43":{"start":{"line":62,"column":13},"end":{"line":62,"column":30}},"44":{"start":{"line":85,"column":0},"end":{"line":85,"column":59}},"45":{"start":{"line":87,"column":0},"end":{"line":87,"column":34}}},"fnMap":{"0":{"name":"(anonymous_0)","decl":{"start":{"line":8,"column":31},"end":{"line":8,"column":32}},"loc":{"start":{"line":8,"column":66},"end":{"line":20,"column":1}}},"1":{"name":"(anonymous_1)","decl":{"start":{"line":22,"column":33},"end":{"line":22,"column":null}},"loc":{"start":{"line":25,"column":21},"end":{"line":60,"column":1}}},"2":{"name":"(anonymous_2)","decl":{"start":{"line":29,"column":39},"end":{"line":29,"column":40}},"loc":{"start":{"line":29,"column":48},"end":{"line":29,"column":58}}},"3":{"name":"(anonymous_3)","decl":{"start":{"line":36,"column":36},"end":{"line":36,"column":40}},"loc":{"start":{"line":36,"column":40},"end":{"line":36,"column":48}}},"4":{"name":"(anonymous_4)","decl":{"start":{"line":62,"column":30},"end":{"line":62,"column":31}},"loc":{"start":{"line":62,"column":54},"end":{"line":83,"column":1}}}},"branchMap":{"0":{"loc":{"start":{"line":14,"column":4},"end":{"line":16,"column":null}},"type":"if","locations":[{"start":{"line":14,"column":4},"end":{"line":16,"column":null}},{"start":{"line":14,"column":4},"end":{"line":16,"column":null}}]},"1":{"loc":{"start":{"line":14,"column":8},"end":{"line":14,"column":29}},"type":"binary-expr","locations":[{"start":{"line":14,"column":8},"end":{"line":14,"column":29}},{"start":{"line":14,"column":33},"end":{"line":14,"column":48}}]},"2":{"loc":{"start":{"line":14,"column":20},"end":{"line":14,"column":23}},"type":"cond-expr","locations":[{"start":{"line":14,"column":20},"end":{"line":14,"column":23}},{"start":{"line":14,"column":27},"end":{"line":14,"column":28}}]},"3":{"loc":{"start":{"line":14,"column":20},"end":{"line":14,"column":27}},"type":"binary-expr","locations":[{"start":{"line":14,"column":20},"end":{"line":14,"column":27}},{"start":{"line":14,"column":20},"end":{"line":14,"column":27}}]},"4":{"loc":{"start":{"line":39,"column":4},"end":{"line":41,"column":null}},"type":"if","locations":[{"start":{"line":39,"column":4},"end":{"line":41,"column":null}},{"start":{"line":39,"column":4},"end":{"line":41,"column":null}}]},"5":{"loc":{"start":{"line":47,"column":6},"end":{"line":49,"column":null}},"type":"if","locations":[{"start":{"line":47,"column":6},"end":{"line":49,"column":null}},{"start":{"line":47,"column":6},"end":{"line":49,"column":null}}]},"6":{"loc":{"start":{"line":53,"column":4},"end":{"line":55,"column":null}},"type":"if","locations":[{"start":{"line":53,"column":4},"end":{"line":55,"column":null}},{"start":{"line":53,"column":4},"end":{"line":55,"column":null}}]},"7":{"loc":{"start":{"line":69,"column":4},"end":{"line":71,"column":null}},"type":"if","locations":[{"start":{"line":69,"column":4},"end":{"line":71,"column":null}},{"start":{"line":69,"column":4},"end":{"line":71,"column":null}}]},"8":{"loc":{"start":{"line":72,"column":4},"end":{"line":74,"column":null}},"type":"if","locations":[{"start":{"line":72,"column":4},"end":{"line":74,"column":null}},{"start":{"line":72,"column":4},"end":{"line":74,"column":null}}]}},"s":{"0":1,"1":1,"2":1,"3":6,"4":6,"5":6,"6":6,"7":135,"8":135,"9":77,"10":6,"11":1,"12":7,"13":7,"14":21,"15":7,"16":136,"17":408,"18":136,"19":1,"20":135,"21":135,"22":135,"23":228,"24":135,"25":93,"26":135,"27":6,"28":129,"29":6,"30":1,"31":17,"32":17,"33":15,"34":13,"35":9,"36":1,"37":8,"38":1,"39":7,"40":8,"41":8,"42":8,"43":1,"44":1,"45":1},"f":{"0":6,"1":7,"2":21,"3":408,"4":17},"b":{"0":[77,58],"1":[135,131],"2":[105,30],"3":[135,105],"4":[1,135],"5":[135,93],"6":[6,129],"7":[1,8],"8":[1,7]}}
,"/Users/ivanivanov/develop/radency/src/utils.ts": {"path":"/Users/ivanivanov/develop/radency/src/utils.ts","statementMap":{"0":{"start":{"line":1,"column":24},"end":{"line":2,"column":7}},"1":{"start":{"line":2,"column":2},"end":{"line":2,"column":47}},"2":{"start":{"line":2,"column":31},"end":{"line":2,"column":44}},"3":{"start":{"line":1,"column":13},"end":{"line":1,"column":24}},"4":{"start":{"line":4,"column":0},"end":{"line":4,"column":28}}},"fnMap":{"0":{"name":"(anonymous_0)","decl":{"start":{"line":1,"column":24},"end":{"line":1,"column":25}},"loc":{"start":{"line":1,"column":45},"end":{"line":2,"column":7}}},"1":{"name":"(anonymous_1)","decl":{"start":{"line":2,"column":15},"end":{"line":2,"column":16}},"loc":{"start":{"line":2,"column":26},"end":{"line":2,"column":34}}}},"branchMap":{},"s":{"0":1,"1":137,"2":410,"3":1,"4":1},"f":{"0":137,"1":410},"b":{}}
,"/Users/ivanivanov/develop/radency/src/validate.ts": {"path":"/Users/ivanivanov/develop/radency/src/validate.ts","statementMap":{"0":{"start":{"line":1,"column":34},"end":{"line":7,"column":1}},"1":{"start":{"line":2,"column":2},"end":{"line":4,"column":null}},"2":{"start":{"line":3,"column":4},"end":{"line":3,"column":67}},"3":{"start":{"line":6,"column":2},"end":{"line":6,"column":15}},"4":{"start":{"line":1,"column":13},"end":{"line":1,"column":34}},"5":{"start":{"line":9,"column":34},"end":{"line":15,"column":1}},"6":{"start":{"line":10,"column":2},"end":{"line":12,"column":null}},"7":{"start":{"line":11,"column":4},"end":{"line":11,"column":70}},"8":{"start":{"line":14,"column":2},"end":{"line":14,"column":16}},"9":{"start":{"line":9,"column":13},"end":{"line":9,"column":34}},"10":{"start":{"line":17,"column":33},"end":{"line":33,"column":1}},"11":{"start":{"line":18,"column":2},"end":{"line":20,"column":null}},"12":{"start":{"line":19,"column":4},"end":{"line":19,"column":59}},"13":{"start":{"line":22,"column":2},"end":{"line":26,"column":null}},"14":{"start":{"line":22,"column":24},"end":{"line":22,"column":61}},"15":{"start":{"line":23,"column":4},"end":{"line":25,"column":6}},"16":{"start":{"line":28,"column":2},"end":{"line":30,"column":null}},"17":{"start":{"line":29,"column":4},"end":{"line":29,"column":76}},"18":{"start":{"line":32,"column":2},"end":{"line":32,"column":19}},"19":{"start":{"line":17,"column":13},"end":{"line":17,"column":33}},"20":{"start":{"line":35,"column":0},"end":{"line":35,"column":77}}},"fnMap":{"0":{"name":"(anonymous_0)","decl":{"start":{"line":1,"column":34},"end":{"line":1,"column":35}},"loc":{"start":{"line":1,"column":45},"end":{"line":7,"column":1}}},"1":{"name":"(anonymous_1)","decl":{"start":{"line":9,"column":34},"end":{"line":9,"column":35}},"loc":{"start":{"line":9,"column":46},"end":{"line":15,"column":1}}},"2":{"name":"(anonymous_2)","decl":{"start":{"line":17,"column":33},"end":{"line":17,"column":34}},"loc":{"start":{"line":17,"column":43},"end":{"line":33,"column":1}}},"3":{"name":"(anonymous_3)","decl":{"start":{"line":22,"column":16},"end":{"line":22,"column":20}},"loc":{"start":{"line":22,"column":20},"end":{"line":22,"column":31}}}},"branchMap":{"0":{"loc":{"start":{"line":2,"column":2},"end":{"line":4,"column":null}},"type":"if","locations":[{"start":{"line":2,"column":2},"end":{"line":4,"column":null}},{"start":{"line":2,"column":2},"end":{"line":4,"column":null}}]},"1":{"loc":{"start":{"line":2,"column":6},"end":{"line":2,"column":31}},"type":"binary-expr","locations":[{"start":{"line":2,"column":6},"end":{"line":2,"column":31}},{"start":{"line":2,"column":35},"end":{"line":2,"column":44}}]},"2":{"loc":{"start":{"line":10,"column":2},"end":{"line":12,"column":null}},"type":"if","locations":[{"start":{"line":10,"column":2},"end":{"line":12,"column":null}},{"start":{"line":10,"column":2},"end":{"line":12,"column":null}}]},"3":{"loc":{"start":{"line":10,"column":6},"end":{"line":10,"column":32}},"type":"binary-expr","locations":[{"start":{"line":10,"column":6},"end":{"line":10,"column":32}},{"start":{"line":10,"column":36},"end":{"line":10,"column":46}}]},"4":{"loc":{"start":{"line":18,"column":2},"end":{"line":20,"column":null}},"type":"if","locations":[{"start":{"line":18,"column":2},"end":{"line":20,"column":null}},{"start":{"line":18,"column":2},"end":{"line":20,"column":null}}]},"5":{"loc":{"start":{"line":22,"column":2},"end":{"line":26,"column":null}},"type":"if","locations":[{"start":{"line":22,"column":2},"end":{"line":26,"column":null}},{"start":{"line":22,"column":2},"end":{"line":26,"column":null}}]},"6":{"loc":{"start":{"line":22,"column":24},"end":{"line":22,"column":48}},"type":"binary-expr","locations":[{"start":{"line":22,"column":24},"end":{"line":22,"column":48}},{"start":{"line":22,"column":52},"end":{"line":22,"column":60}}]},"7":{"loc":{"start":{"line":28,"column":2},"end":{"line":30,"column":null}},"type":"if","locations":[{"start":{"line":28,"column":2},"end":{"line":30,"column":null}},{"start":{"line":28,"column":2},"end":{"line":30,"column":null}}]}},"s":{"0":1,"1":17,"2":2,"3":15,"4":1,"5":1,"6":15,"7":2,"8":13,"9":1,"10":1,"11":13,"12":1,"13":12,"14":47,"15":2,"16":10,"17":1,"18":9,"19":1,"20":1},"f":{"0":17,"1":15,"2":13,"3":47},"b":{"0":[2,15],"1":[17,16],"2":[2,13],"3":[15,14],"4":[1,12],"5":[2,10],"6":[47,46],"7":[1,9]}}
}
