{"/Users/ivanivanov/develop/radency/src/implementation.js": {"path":"/Users/ivanivanov/develop/radency/src/implementation.js","statementMap":{"0":{"start":{"line":1,"column":17},"end":{"line":1,"column":70}},"1":{"start":{"line":1,"column":26},"end":{"line":1,"column":70}},"2":{"start":{"line":1,"column":55},"end":{"line":1,"column":66}},"3":{"start":{"line":3,"column":27},"end":{"line":9,"column":1}},"4":{"start":{"line":4,"column":2},"end":{"line":6,"column":3}},"5":{"start":{"line":5,"column":4},"end":{"line":5,"column":67}},"6":{"start":{"line":8,"column":2},"end":{"line":8,"column":15}},"7":{"start":{"line":11,"column":27},"end":{"line":17,"column":1}},"8":{"start":{"line":12,"column":2},"end":{"line":14,"column":3}},"9":{"start":{"line":13,"column":4},"end":{"line":13,"column":70}},"10":{"start":{"line":16,"column":2},"end":{"line":16,"column":16}},"11":{"start":{"line":19,"column":26},"end":{"line":35,"column":1}},"12":{"start":{"line":20,"column":2},"end":{"line":22,"column":3}},"13":{"start":{"line":21,"column":4},"end":{"line":21,"column":59}},"14":{"start":{"line":24,"column":2},"end":{"line":28,"column":3}},"15":{"start":{"line":24,"column":24},"end":{"line":24,"column":60}},"16":{"start":{"line":25,"column":4},"end":{"line":27,"column":6}},"17":{"start":{"line":30,"column":2},"end":{"line":32,"column":3}},"18":{"start":{"line":31,"column":4},"end":{"line":31,"column":76}},"19":{"start":{"line":34,"column":2},"end":{"line":34,"column":19}},"20":{"start":{"line":37,"column":31},"end":{"line":48,"column":1}},"21":{"start":{"line":38,"column":2},"end":{"line":38,"column":21}},"22":{"start":{"line":39,"column":12},"end":{"line":39,"column":20}},"23":{"start":{"line":40,"column":2},"end":{"line":45,"column":3}},"24":{"start":{"line":40,"column":19},"end":{"line":40,"column":20}},"25":{"start":{"line":41,"column":20},"end":{"line":41,"column":32}},"26":{"start":{"line":42,"column":4},"end":{"line":44,"column":5}},"27":{"start":{"line":43,"column":6},"end":{"line":43,"column":20}},"28":{"start":{"line":47,"column":2},"end":{"line":47,"column":34}},"29":{"start":{"line":50,"column":33},"end":{"line":84,"column":1}},"30":{"start":{"line":51,"column":30},"end":{"line":51,"column":32}},"31":{"start":{"line":52,"column":20},"end":{"line":56,"column":3}},"32":{"start":{"line":53,"column":53},"end":{"line":53,"column":58}},"33":{"start":{"line":58,"column":2},"end":{"line":81,"column":3}},"34":{"start":{"line":59,"column":27},"end":{"line":61,"column":5}},"35":{"start":{"line":60,"column":44},"end":{"line":60,"column":54}},"36":{"start":{"line":63,"column":4},"end":{"line":65,"column":5}},"37":{"start":{"line":64,"column":6},"end":{"line":64,"column":28}},"38":{"start":{"line":67,"column":4},"end":{"line":67,"column":45}},"39":{"start":{"line":69,"column":16},"end":{"line":69,"column":17}},"40":{"start":{"line":70,"column":4},"end":{"line":75,"column":5}},"41":{"start":{"line":71,"column":6},"end":{"line":73,"column":7}},"42":{"start":{"line":72,"column":8},"end":{"line":72,"column":14}},"43":{"start":{"line":74,"column":6},"end":{"line":74,"column":31}},"44":{"start":{"line":77,"column":4},"end":{"line":79,"column":5}},"45":{"start":{"line":78,"column":6},"end":{"line":78,"column":12}},"46":{"start":{"line":80,"column":4},"end":{"line":80,"column":26}},"47":{"start":{"line":83,"column":2},"end":{"line":83,"column":60}},"48":{"start":{"line":86,"column":23},"end":{"line":107,"column":1}},"49":{"start":{"line":87,"column":2},"end":{"line":106,"column":3}},"50":{"start":{"line":89,"column":26},"end":{"line":89,"column":47}},"51":{"start":{"line":90,"column":26},"end":{"line":90,"column":47}},"52":{"start":{"line":91,"column":25},"end":{"line":91,"column":46}},"53":{"start":{"line":93,"column":4},"end":{"line":95,"column":5}},"54":{"start":{"line":94,"column":6},"end":{"line":94,"column":18}},"55":{"start":{"line":96,"column":4},"end":{"line":98,"column":5}},"56":{"start":{"line":97,"column":6},"end":{"line":97,"column":36}},"57":{"start":{"line":100,"column":4},"end":{"line":100,"column":80}},"58":{"start":{"line":102,"column":24},"end":{"line":102,"column":29}},"59":{"start":{"line":103,"column":4},"end":{"line":103,"column":25}},"60":{"start":{"line":105,"column":4},"end":{"line":105,"column":16}},"61":{"start":{"line":109,"column":0},"end":{"line":109,"column":32}}},"fnMap":{"0":{"name":"(anonymous_0)","decl":{"start":{"line":1,"column":17},"end":{"line":1,"column":18}},"loc":{"start":{"line":1,"column":26},"end":{"line":1,"column":70}},"line":1},"1":{"name":"(anonymous_1)","decl":{"start":{"line":1,"column":39},"end":{"line":1,"column":40}},"loc":{"start":{"line":1,"column":55},"end":{"line":1,"column":66}},"line":1},"2":{"name":"(anonymous_2)","decl":{"start":{"line":3,"column":27},"end":{"line":3,"column":28}},"loc":{"start":{"line":3,"column":36},"end":{"line":9,"column":1}},"line":3},"3":{"name":"(anonymous_3)","decl":{"start":{"line":11,"column":27},"end":{"line":11,"column":28}},"loc":{"start":{"line":11,"column":37},"end":{"line":17,"column":1}},"line":11},"4":{"name":"(anonymous_4)","decl":{"start":{"line":19,"column":26},"end":{"line":19,"column":27}},"loc":{"start":{"line":19,"column":34},"end":{"line":35,"column":1}},"line":19},"5":{"name":"(anonymous_5)","decl":{"start":{"line":24,"column":16},"end":{"line":24,"column":17}},"loc":{"start":{"line":24,"column":24},"end":{"line":24,"column":60}},"line":24},"6":{"name":"(anonymous_6)","decl":{"start":{"line":37,"column":31},"end":{"line":37,"column":32}},"loc":{"start":{"line":37,"column":48},"end":{"line":48,"column":1}},"line":37},"7":{"name":"(anonymous_7)","decl":{"start":{"line":50,"column":33},"end":{"line":50,"column":34}},"loc":{"start":{"line":50,"column":57},"end":{"line":84,"column":1}},"line":50},"8":{"name":"(anonymous_8)","decl":{"start":{"line":53,"column":39},"end":{"line":53,"column":40}},"loc":{"start":{"line":53,"column":53},"end":{"line":53,"column":58}},"line":53},"9":{"name":"(anonymous_9)","decl":{"start":{"line":60,"column":36},"end":{"line":60,"column":37}},"loc":{"start":{"line":60,"column":44},"end":{"line":60,"column":54}},"line":60},"10":{"name":"(anonymous_10)","decl":{"start":{"line":86,"column":23},"end":{"line":86,"column":24}},"loc":{"start":{"line":86,"column":37},"end":{"line":107,"column":1}},"line":86}},"branchMap":{"0":{"loc":{"start":{"line":4,"column":2},"end":{"line":6,"column":3}},"type":"if","locations":[{"start":{"line":4,"column":2},"end":{"line":6,"column":3}},{"start":{"line":4,"column":2},"end":{"line":6,"column":3}}],"line":4},"1":{"loc":{"start":{"line":4,"column":6},"end":{"line":4,"column":44}},"type":"binary-expr","locations":[{"start":{"line":4,"column":6},"end":{"line":4,"column":31}},{"start":{"line":4,"column":35},"end":{"line":4,"column":44}}],"line":4},"2":{"loc":{"start":{"line":12,"column":2},"end":{"line":14,"column":3}},"type":"if","locations":[{"start":{"line":12,"column":2},"end":{"line":14,"column":3}},{"start":{"line":12,"column":2},"end":{"line":14,"column":3}}],"line":12},"3":{"loc":{"start":{"line":12,"column":6},"end":{"line":12,"column":46}},"type":"binary-expr","locations":[{"start":{"line":12,"column":6},"end":{"line":12,"column":32}},{"start":{"line":12,"column":36},"end":{"line":12,"column":46}}],"line":12},"4":{"loc":{"start":{"line":20,"column":2},"end":{"line":22,"column":3}},"type":"if","locations":[{"start":{"line":20,"column":2},"end":{"line":22,"column":3}},{"start":{"line":20,"column":2},"end":{"line":22,"column":3}}],"line":20},"5":{"loc":{"start":{"line":24,"column":2},"end":{"line":28,"column":3}},"type":"if","locations":[{"start":{"line":24,"column":2},"end":{"line":28,"column":3}},{"start":{"line":24,"column":2},"end":{"line":28,"column":3}}],"line":24},"6":{"loc":{"start":{"line":24,"column":24},"end":{"line":24,"column":60}},"type":"binary-expr","locations":[{"start":{"line":24,"column":24},"end":{"line":24,"column":48}},{"start":{"line":24,"column":52},"end":{"line":24,"column":60}}],"line":24},"7":{"loc":{"start":{"line":30,"column":2},"end":{"line":32,"column":3}},"type":"if","locations":[{"start":{"line":30,"column":2},"end":{"line":32,"column":3}},{"start":{"line":30,"column":2},"end":{"line":32,"column":3}}],"line":30},"8":{"loc":{"start":{"line":42,"column":4},"end":{"line":44,"column":5}},"type":"if","locations":[{"start":{"line":42,"column":4},"end":{"line":44,"column":5}},{"start":{"line":42,"column":4},"end":{"line":44,"column":5}}],"line":42},"9":{"loc":{"start":{"line":42,"column":8},"end":{"line":42,"column":40}},"type":"binary-expr","locations":[{"start":{"line":42,"column":8},"end":{"line":42,"column":21}},{"start":{"line":42,"column":25},"end":{"line":42,"column":40}}],"line":42},"10":{"loc":{"start":{"line":47,"column":9},"end":{"line":47,"column":33}},"type":"cond-expr","locations":[{"start":{"line":47,"column":23},"end":{"line":47,"column":26}},{"start":{"line":47,"column":29},"end":{"line":47,"column":33}}],"line":47},"11":{"loc":{"start":{"line":63,"column":4},"end":{"line":65,"column":5}},"type":"if","locations":[{"start":{"line":63,"column":4},"end":{"line":65,"column":5}},{"start":{"line":63,"column":4},"end":{"line":65,"column":5}}],"line":63},"12":{"loc":{"start":{"line":71,"column":6},"end":{"line":73,"column":7}},"type":"if","locations":[{"start":{"line":71,"column":6},"end":{"line":73,"column":7}},{"start":{"line":71,"column":6},"end":{"line":73,"column":7}}],"line":71},"13":{"loc":{"start":{"line":77,"column":4},"end":{"line":79,"column":5}},"type":"if","locations":[{"start":{"line":77,"column":4},"end":{"line":79,"column":5}},{"start":{"line":77,"column":4},"end":{"line":79,"column":5}}],"line":77},"14":{"loc":{"start":{"line":93,"column":4},"end":{"line":95,"column":5}},"type":"if","locations":[{"start":{"line":93,"column":4},"end":{"line":95,"column":5}},{"start":{"line":93,"column":4},"end":{"line":95,"column":5}}],"line":93},"15":{"loc":{"start":{"line":96,"column":4},"end":{"line":98,"column":5}},"type":"if","locations":[{"start":{"line":96,"column":4},"end":{"line":98,"column":5}},{"start":{"line":96,"column":4},"end":{"line":98,"column":5}}],"line":96}},"s":{"0":1,"1":32,"2":95,"3":1,"4":14,"5":2,"6":12,"7":1,"8":12,"9":2,"10":10,"11":1,"12":10,"13":1,"14":9,"15":26,"16":2,"17":7,"18":1,"19":6,"20":1,"21":3,"22":3,"23":3,"24":3,"25":30,"26":30,"27":3,"28":3,"29":1,"30":4,"31":4,"32":12,"33":4,"34":31,"35":93,"36":31,"37":1,"38":30,"39":30,"40":30,"41":60,"42":30,"43":30,"44":30,"45":3,"46":27,"47":3,"48":1,"49":14,"50":14,"51":12,"52":10,"53":6,"54":1,"55":5,"56":1,"57":4,"58":8,"59":8,"60":8,"61":1},"f":{"0":32,"1":95,"2":14,"3":12,"4":10,"5":26,"6":3,"7":4,"8":12,"9":93,"10":14},"b":{"0":[2,12],"1":[14,13],"2":[2,10],"3":[12,11],"4":[1,9],"5":[2,7],"6":[26,25],"7":[1,6],"8":[3,27],"9":[30,24],"10":[1,2],"11":[1,30],"12":[30,30],"13":[3,27],"14":[1,5],"15":[1,4]},"_coverageSchema":"1a1c01bbd47fc00a2c39e90264f33305004495a9","hash":"805fadf37134d350eb9e9dc8bf3a4bc7e4b42f66"}
,"/Users/ivanivanov/develop/radency/src/index.ts": {"path":"/Users/ivanivanov/develop/radency/src/index.ts","statementMap":{"0":{"start":{"line":1,"column":0},"end":{"line":1,"column":null}},"1":{"start":{"line":6,"column":0},"end":{"line":6,"column":35}},"2":{"start":{"line":8,"column":31},"end":{"line":19,"column":1}},"3":{"start":{"line":9,"column":2},"end":{"line":9,"column":21}},"4":{"start":{"line":10,"column":12},"end":{"line":10,"column":20}},"5":{"start":{"line":11,"column":2},"end":{"line":16,"column":null}},"6":{"start":{"line":11,"column":19},"end":{"line":11,"column":20}},"7":{"start":{"line":12,"column":20},"end":{"line":12,"column":32}},"8":{"start":{"line":13,"column":4},"end":{"line":15,"column":null}},"9":{"start":{"line":14,"column":6},"end":{"line":14,"column":20}},"10":{"start":{"line":18,"column":2},"end":{"line":18,"column":34}},"11":{"start":{"line":21,"column":33},"end":{"line":59,"column":1}},"12":{"start":{"line":26,"column":45},"end":{"line":26,"column":47}},"13":{"start":{"line":27,"column":17},"end":{"line":31,"column":4}},"14":{"start":{"line":28,"column":53},"end":{"line":28,"column":59}},"15":{"start":{"line":33,"column":2},"end":{"line":56,"column":null}},"16":{"start":{"line":34,"column":27},"end":{"line":35,"column":null}},"17":{"start":{"line":35,"column":44},"end":{"line":35,"column":55}},"18":{"start":{"line":38,"column":4},"end":{"line":40,"column":null}},"19":{"start":{"line":39,"column":6},"end":{"line":39,"column":28}},"20":{"start":{"line":42,"column":4},"end":{"line":42,"column":45}},"21":{"start":{"line":44,"column":16},"end":{"line":44,"column":17}},"22":{"start":{"line":45,"column":4},"end":{"line":50,"column":null}},"23":{"start":{"line":46,"column":6},"end":{"line":48,"column":null}},"24":{"start":{"line":47,"column":8},"end":{"line":47,"column":14}},"25":{"start":{"line":49,"column":6},"end":{"line":49,"column":31}},"26":{"start":{"line":52,"column":4},"end":{"line":54,"column":null}},"27":{"start":{"line":53,"column":6},"end":{"line":53,"column":12}},"28":{"start":{"line":55,"column":4},"end":{"line":55,"column":26}},"29":{"start":{"line":58,"column":2},"end":{"line":58,"column":60}},"30":{"start":{"line":61,"column":30},"end":{"line":82,"column":1}},"31":{"start":{"line":62,"column":2},"end":{"line":81,"column":null}},"32":{"start":{"line":64,"column":26},"end":{"line":64,"column":47}},"33":{"start":{"line":65,"column":26},"end":{"line":65,"column":47}},"34":{"start":{"line":66,"column":25},"end":{"line":66,"column":46}},"35":{"start":{"line":68,"column":4},"end":{"line":70,"column":null}},"36":{"start":{"line":69,"column":6},"end":{"line":69,"column":18}},"37":{"start":{"line":71,"column":4},"end":{"line":73,"column":null}},"38":{"start":{"line":72,"column":6},"end":{"line":72,"column":36}},"39":{"start":{"line":75,"column":4},"end":{"line":75,"column":80}},"40":{"start":{"line":77,"column":24},"end":{"line":77,"column":39}},"41":{"start":{"line":78,"column":4},"end":{"line":78,"column":25}},"42":{"start":{"line":80,"column":4},"end":{"line":80,"column":16}},"43":{"start":{"line":61,"column":13},"end":{"line":61,"column":30}},"44":{"start":{"line":84,"column":0},"end":{"line":84,"column":34}}},"fnMap":{"0":{"name":"(anonymous_0)","decl":{"start":{"line":8,"column":31},"end":{"line":8,"column":32}},"loc":{"start":{"line":8,"column":66},"end":{"line":19,"column":1}}},"1":{"name":"(anonymous_1)","decl":{"start":{"line":21,"column":33},"end":{"line":21,"column":null}},"loc":{"start":{"line":24,"column":21},"end":{"line":59,"column":1}}},"2":{"name":"(anonymous_2)","decl":{"start":{"line":28,"column":39},"end":{"line":28,"column":40}},"loc":{"start":{"line":28,"column":48},"end":{"line":28,"column":58}}},"3":{"name":"(anonymous_3)","decl":{"start":{"line":35,"column":36},"end":{"line":35,"column":40}},"loc":{"start":{"line":35,"column":40},"end":{"line":35,"column":48}}},"4":{"name":"(anonymous_4)","decl":{"start":{"line":61,"column":30},"end":{"line":61,"column":31}},"loc":{"start":{"line":61,"column":54},"end":{"line":82,"column":1}}}},"branchMap":{"0":{"loc":{"start":{"line":13,"column":4},"end":{"line":15,"column":null}},"type":"if","locations":[{"start":{"line":13,"column":4},"end":{"line":15,"column":null}},{"start":{"line":13,"column":4},"end":{"line":15,"column":null}}]},"1":{"loc":{"start":{"line":13,"column":8},"end":{"line":13,"column":21}},"type":"binary-expr","locations":[{"start":{"line":13,"column":8},"end":{"line":13,"column":21}},{"start":{"line":13,"column":25},"end":{"line":13,"column":40}}]},"2":{"loc":{"start":{"line":18,"column":23},"end":{"line":18,"column":26}},"type":"cond-expr","locations":[{"start":{"line":18,"column":23},"end":{"line":18,"column":26}},{"start":{"line":18,"column":29},"end":{"line":18,"column":33}}]},"3":{"loc":{"start":{"line":38,"column":4},"end":{"line":40,"column":null}},"type":"if","locations":[{"start":{"line":38,"column":4},"end":{"line":40,"column":null}},{"start":{"line":38,"column":4},"end":{"line":40,"column":null}}]},"4":{"loc":{"start":{"line":46,"column":6},"end":{"line":48,"column":null}},"type":"if","locations":[{"start":{"line":46,"column":6},"end":{"line":48,"column":null}},{"start":{"line":46,"column":6},"end":{"line":48,"column":null}}]},"5":{"loc":{"start":{"line":52,"column":4},"end":{"line":54,"column":null}},"type":"if","locations":[{"start":{"line":52,"column":4},"end":{"line":54,"column":null}},{"start":{"line":52,"column":4},"end":{"line":54,"column":null}}]},"6":{"loc":{"start":{"line":68,"column":4},"end":{"line":70,"column":null}},"type":"if","locations":[{"start":{"line":68,"column":4},"end":{"line":70,"column":null}},{"start":{"line":68,"column":4},"end":{"line":70,"column":null}}]},"7":{"loc":{"start":{"line":71,"column":4},"end":{"line":73,"column":null}},"type":"if","locations":[{"start":{"line":71,"column":4},"end":{"line":73,"column":null}},{"start":{"line":71,"column":4},"end":{"line":73,"column":null}}]}},"s":{"0":1,"1":1,"2":1,"3":3,"4":3,"5":3,"6":3,"7":30,"8":30,"9":3,"10":3,"11":1,"12":4,"13":4,"14":12,"15":4,"16":31,"17":93,"18":31,"19":1,"20":30,"21":30,"22":30,"23":60,"24":30,"25":30,"26":30,"27":3,"28":27,"29":3,"30":1,"31":14,"32":14,"33":12,"34":10,"35":6,"36":1,"37":5,"38":1,"39":4,"40":8,"41":8,"42":8,"43":1,"44":1},"f":{"0":3,"1":4,"2":12,"3":93,"4":14},"b":{"0":[3,27],"1":[30,24],"2":[1,2],"3":[1,30],"4":[30,30],"5":[3,27],"6":[1,5],"7":[1,4]}}
,"/Users/ivanivanov/develop/radency/src/utils.ts": {"path":"/Users/ivanivanov/develop/radency/src/utils.ts","statementMap":{"0":{"start":{"line":1,"column":24},"end":{"line":2,"column":7}},"1":{"start":{"line":2,"column":2},"end":{"line":2,"column":47}},"2":{"start":{"line":2,"column":31},"end":{"line":2,"column":44}},"3":{"start":{"line":1,"column":13},"end":{"line":1,"column":24}},"4":{"start":{"line":4,"column":0},"end":{"line":4,"column":28}}},"fnMap":{"0":{"name":"(anonymous_0)","decl":{"start":{"line":1,"column":24},"end":{"line":1,"column":25}},"loc":{"start":{"line":1,"column":45},"end":{"line":2,"column":7}}},"1":{"name":"(anonymous_1)","decl":{"start":{"line":2,"column":15},"end":{"line":2,"column":16}},"loc":{"start":{"line":2,"column":26},"end":{"line":2,"column":34}}}},"branchMap":{},"s":{"0":1,"1":32,"2":95,"3":1,"4":1},"f":{"0":32,"1":95},"b":{}}
,"/Users/ivanivanov/develop/radency/src/validate.ts": {"path":"/Users/ivanivanov/develop/radency/src/validate.ts","statementMap":{"0":{"start":{"line":1,"column":34},"end":{"line":7,"column":1}},"1":{"start":{"line":2,"column":2},"end":{"line":4,"column":null}},"2":{"start":{"line":3,"column":4},"end":{"line":3,"column":67}},"3":{"start":{"line":6,"column":2},"end":{"line":6,"column":15}},"4":{"start":{"line":1,"column":13},"end":{"line":1,"column":34}},"5":{"start":{"line":9,"column":34},"end":{"line":15,"column":1}},"6":{"start":{"line":10,"column":2},"end":{"line":12,"column":null}},"7":{"start":{"line":11,"column":4},"end":{"line":11,"column":70}},"8":{"start":{"line":14,"column":2},"end":{"line":14,"column":16}},"9":{"start":{"line":9,"column":13},"end":{"line":9,"column":34}},"10":{"start":{"line":17,"column":33},"end":{"line":33,"column":1}},"11":{"start":{"line":18,"column":2},"end":{"line":20,"column":null}},"12":{"start":{"line":19,"column":4},"end":{"line":19,"column":59}},"13":{"start":{"line":22,"column":2},"end":{"line":26,"column":null}},"14":{"start":{"line":22,"column":24},"end":{"line":22,"column":61}},"15":{"start":{"line":23,"column":4},"end":{"line":25,"column":6}},"16":{"start":{"line":28,"column":2},"end":{"line":30,"column":null}},"17":{"start":{"line":29,"column":4},"end":{"line":29,"column":76}},"18":{"start":{"line":32,"column":2},"end":{"line":32,"column":19}},"19":{"start":{"line":17,"column":13},"end":{"line":17,"column":33}},"20":{"start":{"line":35,"column":0},"end":{"line":35,"column":77}}},"fnMap":{"0":{"name":"(anonymous_0)","decl":{"start":{"line":1,"column":34},"end":{"line":1,"column":35}},"loc":{"start":{"line":1,"column":45},"end":{"line":7,"column":1}}},"1":{"name":"(anonymous_1)","decl":{"start":{"line":9,"column":34},"end":{"line":9,"column":35}},"loc":{"start":{"line":9,"column":46},"end":{"line":15,"column":1}}},"2":{"name":"(anonymous_2)","decl":{"start":{"line":17,"column":33},"end":{"line":17,"column":34}},"loc":{"start":{"line":17,"column":43},"end":{"line":33,"column":1}}},"3":{"name":"(anonymous_3)","decl":{"start":{"line":22,"column":16},"end":{"line":22,"column":20}},"loc":{"start":{"line":22,"column":20},"end":{"line":22,"column":31}}}},"branchMap":{"0":{"loc":{"start":{"line":2,"column":2},"end":{"line":4,"column":null}},"type":"if","locations":[{"start":{"line":2,"column":2},"end":{"line":4,"column":null}},{"start":{"line":2,"column":2},"end":{"line":4,"column":null}}]},"1":{"loc":{"start":{"line":2,"column":6},"end":{"line":2,"column":31}},"type":"binary-expr","locations":[{"start":{"line":2,"column":6},"end":{"line":2,"column":31}},{"start":{"line":2,"column":35},"end":{"line":2,"column":44}}]},"2":{"loc":{"start":{"line":10,"column":2},"end":{"line":12,"column":null}},"type":"if","locations":[{"start":{"line":10,"column":2},"end":{"line":12,"column":null}},{"start":{"line":10,"column":2},"end":{"line":12,"column":null}}]},"3":{"loc":{"start":{"line":10,"column":6},"end":{"line":10,"column":32}},"type":"binary-expr","locations":[{"start":{"line":10,"column":6},"end":{"line":10,"column":32}},{"start":{"line":10,"column":36},"end":{"line":10,"column":46}}]},"4":{"loc":{"start":{"line":18,"column":2},"end":{"line":20,"column":null}},"type":"if","locations":[{"start":{"line":18,"column":2},"end":{"line":20,"column":null}},{"start":{"line":18,"column":2},"end":{"line":20,"column":null}}]},"5":{"loc":{"start":{"line":22,"column":2},"end":{"line":26,"column":null}},"type":"if","locations":[{"start":{"line":22,"column":2},"end":{"line":26,"column":null}},{"start":{"line":22,"column":2},"end":{"line":26,"column":null}}]},"6":{"loc":{"start":{"line":22,"column":24},"end":{"line":22,"column":48}},"type":"binary-expr","locations":[{"start":{"line":22,"column":24},"end":{"line":22,"column":48}},{"start":{"line":22,"column":52},"end":{"line":22,"column":60}}]},"7":{"loc":{"start":{"line":28,"column":2},"end":{"line":30,"column":null}},"type":"if","locations":[{"start":{"line":28,"column":2},"end":{"line":30,"column":null}},{"start":{"line":28,"column":2},"end":{"line":30,"column":null}}]}},"s":{"0":1,"1":14,"2":2,"3":12,"4":1,"5":1,"6":12,"7":2,"8":10,"9":1,"10":1,"11":10,"12":1,"13":9,"14":26,"15":2,"16":7,"17":1,"18":6,"19":1,"20":1},"f":{"0":14,"1":12,"2":10,"3":26},"b":{"0":[2,12],"1":[14,13],"2":[2,10],"3":[12,11],"4":[1,9],"5":[2,7],"6":[26,25],"7":[1,6]}}
}
