TN:
SF:src/implementation.js
FN:1,(anonymous_0)
FN:1,(anonymous_1)
FN:3,(anonymous_2)
FN:11,(anonymous_3)
FN:19,(anonymous_4)
FN:24,(anonymous_5)
FN:37,(anonymous_6)
FN:50,(anonymous_7)
FN:53,(anonymous_8)
FN:60,(anonymous_9)
FN:86,(anonymous_10)
FNF:11
FNH:11
FNDA:32,(anonymous_0)
FNDA:95,(anonymous_1)
FNDA:14,(anonymous_2)
FNDA:12,(anonymous_3)
FNDA:10,(anonymous_4)
FNDA:26,(anonymous_5)
FNDA:3,(anonymous_6)
FNDA:4,(anonymous_7)
FNDA:12,(anonymous_8)
FNDA:93,(anonymous_9)
FNDA:14,(anonymous_10)
DA:1,95
DA:3,1
DA:4,14
DA:5,2
DA:8,12
DA:11,1
DA:12,12
DA:13,2
DA:16,10
DA:19,1
DA:20,10
DA:21,1
DA:24,26
DA:25,2
DA:30,7
DA:31,1
DA:34,6
DA:37,1
DA:38,3
DA:39,3
DA:40,3
DA:41,30
DA:42,30
DA:43,3
DA:47,3
DA:50,1
DA:51,4
DA:52,4
DA:53,12
DA:58,4
DA:59,31
DA:60,93
DA:63,31
DA:64,1
DA:67,30
DA:69,30
DA:70,30
DA:71,60
DA:72,30
DA:74,30
DA:77,30
DA:78,3
DA:80,27
DA:83,3
DA:86,1
DA:87,14
DA:89,14
DA:90,12
DA:91,10
DA:93,6
DA:94,1
DA:96,5
DA:97,1
DA:100,4
DA:102,8
DA:103,8
DA:105,8
DA:109,1
LF:58
LH:58
BRDA:4,0,0,2
BRDA:4,0,1,12
BRDA:4,1,0,14
BRDA:4,1,1,13
BRDA:12,2,0,2
BRDA:12,2,1,10
BRDA:12,3,0,12
BRDA:12,3,1,11
BRDA:20,4,0,1
BRDA:20,4,1,9
BRDA:24,5,0,2
BRDA:24,5,1,7
BRDA:24,6,0,26
BRDA:24,6,1,25
BRDA:30,7,0,1
BRDA:30,7,1,6
BRDA:42,8,0,3
BRDA:42,8,1,27
BRDA:42,9,0,30
BRDA:42,9,1,24
BRDA:47,10,0,1
BRDA:47,10,1,2
BRDA:63,11,0,1
BRDA:63,11,1,30
BRDA:71,12,0,30
BRDA:71,12,1,30
BRDA:77,13,0,3
BRDA:77,13,1,27
BRDA:93,14,0,1
BRDA:93,14,1,5
BRDA:96,15,0,1
BRDA:96,15,1,4
BRF:32
BRH:32
end_of_record
TN:
SF:src/index.ts
FN:8,(anonymous_0)
FN:21,(anonymous_1)
FN:28,(anonymous_2)
FN:35,(anonymous_3)
FN:61,(anonymous_4)
FNF:5
FNH:5
FNDA:3,(anonymous_0)
FNDA:4,(anonymous_1)
FNDA:12,(anonymous_2)
FNDA:93,(anonymous_3)
FNDA:14,(anonymous_4)
DA:1,1
DA:6,1
DA:8,1
DA:9,3
DA:10,3
DA:11,3
DA:12,30
DA:13,30
DA:14,3
DA:18,3
DA:21,1
DA:26,4
DA:27,4
DA:28,12
DA:33,4
DA:34,31
DA:35,93
DA:38,31
DA:39,1
DA:42,30
DA:44,30
DA:45,30
DA:46,60
DA:47,30
DA:49,30
DA:52,30
DA:53,3
DA:55,27
DA:58,3
DA:61,1
DA:62,14
DA:64,14
DA:65,12
DA:66,10
DA:68,6
DA:69,1
DA:71,5
DA:72,1
DA:75,4
DA:77,8
DA:78,8
DA:80,8
DA:84,1
LF:43
LH:43
BRDA:13,0,0,3
BRDA:13,0,1,27
BRDA:13,1,0,30
BRDA:13,1,1,24
BRDA:18,2,0,1
BRDA:18,2,1,2
BRDA:38,3,0,1
BRDA:38,3,1,30
BRDA:46,4,0,30
BRDA:46,4,1,30
BRDA:52,5,0,3
BRDA:52,5,1,27
BRDA:68,6,0,1
BRDA:68,6,1,5
BRDA:71,7,0,1
BRDA:71,7,1,4
BRF:16
BRH:16
end_of_record
TN:
SF:src/utils.ts
FN:1,(anonymous_0)
FN:2,(anonymous_1)
FNF:2
FNH:2
FNDA:32,(anonymous_0)
FNDA:95,(anonymous_1)
DA:1,1
DA:2,95
DA:4,1
LF:3
LH:3
BRF:0
BRH:0
end_of_record
TN:
SF:src/validate.ts
FN:1,(anonymous_0)
FN:9,(anonymous_1)
FN:17,(anonymous_2)
FN:22,(anonymous_3)
FNF:4
FNH:4
FNDA:14,(anonymous_0)
FNDA:12,(anonymous_1)
FNDA:10,(anonymous_2)
FNDA:26,(anonymous_3)
DA:1,1
DA:2,14
DA:3,2
DA:6,12
DA:9,1
DA:10,12
DA:11,2
DA:14,10
DA:17,1
DA:18,10
DA:19,1
DA:22,26
DA:23,2
DA:28,7
DA:29,1
DA:32,6
DA:35,1
LF:17
LH:17
BRDA:2,0,0,2
BRDA:2,0,1,12
BRDA:2,1,0,14
BRDA:2,1,1,13
BRDA:10,2,0,2
BRDA:10,2,1,10
BRDA:10,3,0,12
BRDA:10,3,1,11
BRDA:18,4,0,1
BRDA:18,4,1,9
BRDA:22,5,0,2
BRDA:22,5,1,7
BRDA:22,6,0,26
BRDA:22,6,1,25
BRDA:28,7,0,1
BRDA:28,7,1,6
BRF:16
BRH:16
end_of_record
