TN:
SF:src/implementation.js
FN:1,(anonymous_0)
FN:1,(anonymous_1)
FN:3,(anonymous_2)
FN:11,(anonymous_3)
FN:19,(anonymous_4)
FN:24,(anonymous_5)
FN:37,(anonymous_6)
FN:49,(anonymous_7)
FN:52,(anonymous_8)
FN:59,(anonymous_9)
FN:85,(anonymous_10)
FNF:11
FNH:11
FNDA:102,(anonymous_0)
FNDA:305,(anonymous_1)
FNDA:16,(anonymous_2)
FNDA:14,(anonymous_3)
FNDA:12,(anonymous_4)
FNDA:40,(anonymous_5)
FNDA:5,(anonymous_6)
FNDA:6,(anonymous_7)
FNDA:18,(anonymous_8)
FNDA:303,(anonymous_9)
FNDA:16,(anonymous_10)
DA:1,305
DA:3,1
DA:4,16
DA:5,2
DA:8,14
DA:11,1
DA:12,14
DA:13,2
DA:16,12
DA:19,1
DA:20,12
DA:21,1
DA:24,40
DA:25,2
DA:30,9
DA:31,1
DA:34,8
DA:37,1
DA:38,5
DA:39,5
DA:40,100
DA:41,100
DA:42,42
DA:46,5
DA:49,1
DA:50,6
DA:51,6
DA:52,18
DA:57,6
DA:58,101
DA:59,303
DA:62,101
DA:63,1
DA:66,100
DA:68,100
DA:69,100
DA:70,172
DA:71,100
DA:73,72
DA:76,100
DA:77,5
DA:79,95
DA:82,5
DA:85,1
DA:86,16
DA:88,16
DA:89,14
DA:90,12
DA:92,8
DA:93,1
DA:95,7
DA:96,1
DA:99,6
DA:101,8
DA:102,8
DA:104,8
DA:108,1
LF:57
LH:57
BRDA:4,0,0,2
BRDA:4,0,1,14
BRDA:4,1,0,16
BRDA:4,1,1,15
BRDA:12,2,0,2
BRDA:12,2,1,12
BRDA:12,3,0,14
BRDA:12,3,1,13
BRDA:20,4,0,1
BRDA:20,4,1,11
BRDA:24,5,0,2
BRDA:24,5,1,9
BRDA:24,6,0,40
BRDA:24,6,1,39
BRDA:30,7,0,1
BRDA:30,7,1,8
BRDA:41,8,0,42
BRDA:41,8,1,58
BRDA:41,9,0,100
BRDA:41,9,1,96
BRDA:41,10,0,100
BRDA:41,10,1,29
BRDA:62,11,0,1
BRDA:62,11,1,100
BRDA:70,12,0,100
BRDA:70,12,1,72
BRDA:76,13,0,5
BRDA:76,13,1,95
BRDA:92,14,0,1
BRDA:92,14,1,7
BRDA:95,15,0,1
BRDA:95,15,1,6
BRF:32
BRH:32
end_of_record
TN:
SF:src/index.ts
FN:8,(anonymous_0)
FN:22,(anonymous_1)
FN:29,(anonymous_2)
FN:36,(anonymous_3)
FN:62,(anonymous_4)
FNF:5
FNH:5
FNDA:6,(anonymous_0)
FNDA:7,(anonymous_1)
FNDA:21,(anonymous_2)
FNDA:408,(anonymous_3)
FNDA:17,(anonymous_4)
DA:1,1
DA:6,1
DA:8,1
DA:9,6
DA:11,6
DA:12,6
DA:13,135
DA:14,135
DA:15,77
DA:19,6
DA:22,1
DA:27,7
DA:28,7
DA:29,21
DA:34,7
DA:35,136
DA:36,408
DA:39,136
DA:40,1
DA:43,135
DA:45,135
DA:46,135
DA:47,228
DA:48,135
DA:50,93
DA:53,135
DA:54,6
DA:56,129
DA:59,6
DA:62,1
DA:63,17
DA:65,17
DA:66,15
DA:67,13
DA:69,9
DA:70,1
DA:72,8
DA:73,1
DA:76,7
DA:78,8
DA:79,8
DA:81,8
DA:85,1
DA:87,1
LF:44
LH:44
BRDA:14,0,0,77
BRDA:14,0,1,58
BRDA:14,1,0,135
BRDA:14,1,1,131
BRDA:14,2,0,105
BRDA:14,2,1,30
BRDA:14,3,0,135
BRDA:14,3,1,105
BRDA:39,4,0,1
BRDA:39,4,1,135
BRDA:47,5,0,135
BRDA:47,5,1,93
BRDA:53,6,0,6
BRDA:53,6,1,129
BRDA:69,7,0,1
BRDA:69,7,1,8
BRDA:72,8,0,1
BRDA:72,8,1,7
BRF:18
BRH:18
end_of_record
TN:
SF:src/utils.ts
FN:1,(anonymous_0)
FN:2,(anonymous_1)
FNF:2
FNH:2
FNDA:137,(anonymous_0)
FNDA:410,(anonymous_1)
DA:1,1
DA:2,410
DA:4,1
LF:3
LH:3
BRF:0
BRH:0
end_of_record
TN:
SF:src/validate.ts
FN:1,(anonymous_0)
FN:9,(anonymous_1)
FN:17,(anonymous_2)
FN:22,(anonymous_3)
FNF:4
FNH:4
FNDA:17,(anonymous_0)
FNDA:15,(anonymous_1)
FNDA:13,(anonymous_2)
FNDA:47,(anonymous_3)
DA:1,1
DA:2,17
DA:3,2
DA:6,15
DA:9,1
DA:10,15
DA:11,2
DA:14,13
DA:17,1
DA:18,13
DA:19,1
DA:22,47
DA:23,2
DA:28,10
DA:29,1
DA:32,9
DA:35,1
LF:17
LH:17
BRDA:2,0,0,2
BRDA:2,0,1,15
BRDA:2,1,0,17
BRDA:2,1,1,16
BRDA:10,2,0,2
BRDA:10,2,1,13
BRDA:10,3,0,15
BRDA:10,3,1,14
BRDA:18,4,0,1
BRDA:18,4,1,12
BRDA:22,5,0,2
BRDA:22,5,1,10
BRDA:22,6,0,47
BRDA:22,6,1,46
BRDA:28,7,0,1
BRDA:28,7,1,9
BRF:16
BRH:16
end_of_record
